2026-04-14 04:21:19 INF Server logging started
2026-04-14 04:21:19 INF Started worker pool
2026-04-14 04:21:19 INF Token added ttl=60000 value=0
2026-04-14 04:21:19 INF Token added ttl=40000 value=1
2026-04-14 04:21:19 INF Token added ttl=40000 value=2
2026-04-14 04:21:19 INF Token added ttl=40000 value=3
2026-04-14 04:21:19 INF Token added ttl=20000 value=4
2026-04-14 04:21:19 INF Token added ttl=30000 value=5
2026-04-14 04:21:19 INF Token added ttl=60000 value=6
2026-04-14 04:21:19 INF Token added ttl=10000 value=7
2026-04-14 04:21:19 INF Token added ttl=20000 value=8
2026-04-14 04:21:19 INF Token added ttl=60000 value=9
2026-04-14 04:21:19 INF Server listener started
2026-04-14 04:21:24 INF Token cleaner running
2026-04-14 04:21:29 INF Token cleaner running
2026-04-14 04:21:29 INF Token expired value=7
2026-04-14 04:21:32 INF Token cleaner stopping
2026-04-14 04:21:32 INF Context cancelled, sever listener closing
2026-04-14 04:21:32 INF Worker pool clean-up
2026-04-14 04:21:32 INF Context cancelled, listener closed gracefully
2026-04-14 04:22:28 INF Server logging started
2026-04-14 04:22:28 INF Started worker pool
2026-04-14 04:22:28 INF Token added ttl=10000 value=0
2026-04-14 04:22:28 INF Token added ttl=50000 value=1
2026-04-14 04:22:28 INF Token added ttl=50000 value=2
2026-04-14 04:22:28 INF Token added ttl=10000 value=3
2026-04-14 04:22:28 INF Token added ttl=40000 value=4
2026-04-14 04:22:28 INF Token added ttl=20000 value=5
2026-04-14 04:22:28 INF Token added ttl=20000 value=6
2026-04-14 04:22:28 INF Token added ttl=10000 value=7
2026-04-14 04:22:28 INF Token added ttl=30000 value=8
2026-04-14 04:22:28 INF Token added ttl=20000 value=9
2026-04-14 04:22:28 INF Server listener started
2026-04-14 04:22:33 INF Token cleaner running
2026-04-14 04:22:38 INF Token cleaner running
2026-04-14 04:22:38 INF Token expired value=3
2026-04-14 04:22:38 INF Token expired value=7
2026-04-14 04:22:38 INF Token expired value=0
2026-04-14 04:22:43 INF Token cleaner running
2026-04-14 04:22:48 INF Token cleaner running
2026-04-14 04:22:48 INF Token expired value=5
2026-04-14 04:22:48 INF Token expired value=6
2026-04-14 04:22:48 INF Token expired value=9
2026-04-14 04:22:53 INF Token cleaner running
2026-04-14 04:22:58 INF Token cleaner running
2026-04-14 04:22:58 INF Token expired value=8
2026-04-14 04:23:03 INF Token cleaner running
2026-04-14 04:23:08 INF Token cleaner running
2026-04-14 04:23:08 INF Token expired value=4
2026-04-14 04:23:13 INF Token cleaner running
2026-04-14 04:23:18 INF Token cleaner running
2026-04-14 04:23:18 INF Token expired value=1
2026-04-14 04:23:18 INF Token expired value=2
2026-04-14 04:23:23 INF Token cleaner running
2026-04-14 04:23:28 INF Token cleaner running
2026-04-14 04:23:33 INF Token cleaner running
2026-04-14 04:23:38 INF Token cleaner running
2026-04-14 04:23:43 INF Token cleaner running
2026-04-14 04:23:48 INF Token cleaner running
2026-04-14 04:23:51 INF Server logging started
2026-04-14 04:23:51 INF Started worker pool
2026-04-14 04:23:51 INF Token added ttl=60000 value=0
2026-04-14 04:23:51 INF Token added ttl=50000 value=1
2026-04-14 04:23:51 INF Token added ttl=20000 value=2
2026-04-14 04:23:51 INF Token added ttl=50000 value=3
2026-04-14 04:23:51 INF Token added ttl=50000 value=4
2026-04-14 04:23:51 INF Token added ttl=10000 value=5
2026-04-14 04:23:51 INF Token added ttl=50000 value=6
2026-04-14 04:23:51 INF Token added ttl=20000 value=7
2026-04-14 04:23:51 INF Token added ttl=20000 value=8
2026-04-14 04:23:51 INF Token added ttl=20000 value=9
2026-04-14 04:23:51 INF Server listener started
2026-04-14 04:23:56 INF Token cleaner running
2026-04-14 04:24:01 INF Token cleaner running
2026-04-14 04:24:01 INF Token expired value=5
2026-04-14 04:24:04 INF Token cleaner stopping
2026-04-14 04:24:04 INF Context cancelled, sever listener closing
2026-04-14 04:24:04 INF Worker pool clean-up
2026-04-14 04:24:04 INF Context cancelled, listener closed gracefully
2026-04-14 05:08:08 INF Server logging started
2026-04-14 05:08:08 INF Started worker pool
2026-04-14 05:08:08 INF Token added ttl=30000 value=0
2026-04-14 05:08:08 INF Token added ttl=60000 value=1
2026-04-14 05:08:08 INF Token added ttl=10000 value=2
2026-04-14 05:08:08 INF Token added ttl=30000 value=3
2026-04-14 05:08:08 INF Token added ttl=60000 value=4
2026-04-14 05:08:08 INF Token added ttl=50000 value=5
2026-04-14 05:08:08 INF Token added ttl=10000 value=6
2026-04-14 05:08:08 INF Token added ttl=60000 value=7
2026-04-14 05:08:08 INF Token added ttl=60000 value=8
2026-04-14 05:08:08 INF Token added ttl=10000 value=9
2026-04-14 05:08:08 INF Server listener started
2026-04-14 05:08:13 INF Token cleaner running
2026-04-14 05:08:18 INF Token cleaner running
2026-04-14 05:08:18 INF Token expired value=2
2026-04-14 05:08:18 INF Token cleaner stopping
2026-04-14 05:08:18 INF Worker pool clean-up
2026-04-14 05:08:18 INF Context cancelled, sever listener closing
2026-04-14 05:08:18 INF Context cancelled, listener closed gracefully
